<?xml version="1.0" encoding="UTF-8"?>
<testng-results ignored="0" total="1" passed="1" failed="0" skipped="0">
  <reporter-output>
  </reporter-output>
  <suite started-at="2024-12-09T13:36:10 IST" name="Default suite" finished-at="2024-12-09T13:36:37 IST" duration-ms="26591">
    <groups>
      <group name="cucumber">
        <method signature="AbstractTestNGCucumberTests.runScenario(io.cucumber.testng.PickleWrapper,io.cucumber.testng.FeatureWrapper)[pri:0, instance:testRunner.CucumberRunner@7d9d0818]" name="runScenario" class="io.cucumber.testng.AbstractTestNGCucumberTests"/>
      </group> <!-- cucumber -->
    </groups>
    <test started-at="2024-12-09T13:36:10 IST" name="Default test" finished-at="2024-12-09T13:36:37 IST" duration-ms="26591">
      <class name="testRunner.CucumberRunner">
        <test-method is-config="true" signature="setUpClass(org.testng.ITestContext)[pri:0, instance:testRunner.CucumberRunner@7d9d0818]" started-at="2024-12-09T13:36:10 IST" name="setUpClass" finished-at="2024-12-09T13:36:10 IST" duration-ms="195" status="PASS">
          <params>
            <param index="0">
              <value>
                <![CDATA[org.testng.TestRunner@19fd43da]]>
              </value>
            </param>
          </params>
          <reporter-output>
          </reporter-output>
        </test-method> <!-- setUpClass -->
        <test-method signature="runScenario(io.cucumber.testng.PickleWrapper,io.cucumber.testng.FeatureWrapper)[pri:0, instance:testRunner.CucumberRunner@7d9d0818]" started-at="2024-12-09T13:36:10 IST" name="runScenario" description="Runs Cucumber Scenarios" data-provider="scenarios" finished-at="2024-12-09T13:36:37 IST" duration-ms="26349" status="PASS">
          <params>
            <param index="0">
              <value>
                <![CDATA["Create A New Account"]]>
              </value>
            </param>
            <param index="1">
              <value>
                <![CDATA["Create new customer account and sign in with that account"]]>
              </value>
            </param>
          </params>
          <reporter-output>
          </reporter-output>
        </test-method> <!-- runScenario -->
        <test-method is-config="true" signature="tearDownClass()[pri:0, instance:testRunner.CucumberRunner@7d9d0818]" started-at="2024-12-09T13:36:37 IST" name="tearDownClass" finished-at="2024-12-09T13:36:37 IST" duration-ms="16" status="PASS">
          <reporter-output>
          </reporter-output>
        </test-method> <!-- tearDownClass -->
      </class> <!-- testRunner.CucumberRunner -->
    </test> <!-- Default test -->
  </suite> <!-- Default suite -->
</testng-results>
